[htmlku.com/pokoknya/play/index.html]
[backblue.gif]
[fade.gif]
[index.html]
[feeldreams.github.io/main-icon.png]
[cdn.jsdelivr.net/npm/swiper@11/swiper-bundle.min.css]
[cdn.jsdelivr.net/npm/sweetalert2@11.0.19/dist/sweetalert2.all.min.js]
[htmlku.com/pokoknya/style.css]
[unpkg.com/typeit@8.7.0/dist/index.umd.js]
[feeldreams.github.io/wp2.jpg]
[feeldreams.github.io/pusn.gif]
[feeldreams.github.io/hearthappy.gif]
[feeldreams.github.io/smprt.gif]
[feeldreams.github.io/ngumpet.gif]
[feeldreams.github.io/cilukba.gif]
[feeldreams.github.io/pandapanah.gif]
[feeldreams.github.io/emawh.gif]
[cdn.jsdelivr.net/npm/swiper@11/swiper-bundle.min.js]
[htmlku.com/pokoknya/play/index.html]
[cdn.jsdelivr.net/npm/swiper@11/swiper-bundle.min.css]
[htmlku.com/pokoknya/style.css]
[htmlku.com/pokoknya/script.js]
